INFO: [VRFC 10-2263] Analyzing Verilog file "/home/narendiran/Desktop/AXILearning/VivadoProjects/BRAMWritingUsingMasterAXI/BRAMWritingUsingMasterAXI.srcs/sources_1/new/MasterWriteToBRAM.v" into library xil_defaultlib
INFO: [VRFC 10-311] analyzing module MasterWriteToBRAM
INFO: [VRFC 10-2263] Analyzing Verilog file "/home/narendiran/Desktop/AXILearning/VivadoProjects/BRAMWritingUsingMasterAXI/BRAMWritingUsingMasterAXI.srcs/sources_1/new/MasterReadFromBram.v" into library xil_defaultlib
INFO: [VRFC 10-311] analyzing module MasterReadFromBram
INFO: [VRFC 10-2263] Analyzing Verilog file "/home/narendiran/Desktop/AXILearning/VivadoProjects/BRAMWritingUsingMasterAXI/BRAMWritingUsingMasterAXI.ip_user_files/bd/BlkBRAMWriteUsingMaster/ip/BlkBRAMWriteUsingMaster_blk_mem_gen_0_0/sim/BlkBRAMWriteUsingMaster_blk_mem_gen_0_0.v" into library xil_defaultlib
INFO: [VRFC 10-311] analyzing module BlkBRAMWriteUsingMaster_blk_mem_gen_0_0
INFO: [VRFC 10-2263] Analyzing Verilog file "/home/narendiran/Desktop/AXILearning/VivadoProjects/BRAMWritingUsingMasterAXI/BRAMWritingUsingMasterAXI.ip_user_files/bd/BlkBRAMWriteUsingMaster/ip/BlkBRAMWriteUsingMaster_MasterWriteToBRAM_0_0/sim/BlkBRAMWriteUsingMaster_MasterWriteToBRAM_0_0.v" into library xil_defaultlib
INFO: [VRFC 10-311] analyzing module BlkBRAMWriteUsingMaster_MasterWriteToBRAM_0_0
INFO: [VRFC 10-2263] Analyzing Verilog file "/home/narendiran/Desktop/AXILearning/VivadoProjects/BRAMWritingUsingMasterAXI/BRAMWritingUsingMasterAXI.ip_user_files/bd/BlkBRAMWriteUsingMaster/ip/BlkBRAMWriteUsingMaster_MasterReadFromBram_0_0/sim/BlkBRAMWriteUsingMaster_MasterReadFromBram_0_0.v" into library xil_defaultlib
INFO: [VRFC 10-311] analyzing module BlkBRAMWriteUsingMaster_MasterReadFromBram_0_0
INFO: [VRFC 10-2263] Analyzing Verilog file "/home/narendiran/Desktop/AXILearning/VivadoProjects/BRAMWritingUsingMasterAXI/BRAMWritingUsingMasterAXI.ip_user_files/bd/BlkBRAMWriteUsingMaster/sim/BlkBRAMWriteUsingMaster.v" into library xil_defaultlib
INFO: [VRFC 10-311] analyzing module BlkBRAMWriteUsingMaster
INFO: [VRFC 10-311] analyzing module BlkBRAMWriteUsingMaster_axi_mem_intercon_0
INFO: [VRFC 10-311] analyzing module BlkBRAMWriteUsingMaster_axi_mem_intercon_1_0
INFO: [VRFC 10-311] analyzing module s00_couplers_imp_1PL3SJW
INFO: [VRFC 10-311] analyzing module s00_couplers_imp_1WRA24D
INFO: [VRFC 10-2263] Analyzing Verilog file "/home/narendiran/Desktop/AXILearning/VivadoProjects/BRAMWritingUsingMasterAXI/BRAMWritingUsingMasterAXI.srcs/sources_1/bd/BlkBRAMWriteUsingMaster/hdl/BlkBRAMWriteUsingMaster_wrapper.v" into library xil_defaultlib
INFO: [VRFC 10-311] analyzing module BlkBRAMWriteUsingMaster_wrapper
INFO: [VRFC 10-2263] Analyzing Verilog file "/home/narendiran/Desktop/AXILearning/VivadoProjects/BRAMWritingUsingMasterAXI/BRAMWritingUsingMasterAXI.srcs/sim_1/new/tbBRAMwriteToBRAMusingMaster.v" into library xil_defaultlib
INFO: [VRFC 10-311] analyzing module tbBRAMwriteToBRAMusingMaster
INFO: [VRFC 10-2263] Analyzing Verilog file "/home/narendiran/Desktop/AXILearning/VivadoProjects/BRAMWritingUsingMasterAXI/BRAMWritingUsingMasterAXI.sim/sim_1/behav/xsim/glbl.v" into library xil_defaultlib
INFO: [VRFC 10-311] analyzing module glbl
